# JRE version: OpenJDK Runtime Environment Temurin-21.0.3+9 (21.0.3+9) (build 21.0.3+9-LTS)
# Java VM: OpenJDK 64-Bit Server VM Temurin-21.0.3+9 (21.0.3+9-LTS, mixed mode, sharing, tiered, compressed oops, compressed class ptrs, g1 gc, windows-amd64)
GC Precious Log:
 CardTable entry size: 512
 Card Set container configuration: InlinePtr #cards 4 size 8 Array Of Cards #cards 16 size 48 Howl #buckets 8 coarsen threshold 3686 Howl Bitmap #cards 512 size 80 coarsen threshold 460 Card regions per heap region 1 cards per card region 4096
 CPUs: 12 total, 12 available
 Memory: 16333M
 Large Page Support: Disabled
 NUMA Support: Disabled
 Compressed Oops: Enabled (Zero based)
 Heap Region Size: 2M
 Heap Min Capacity: 8M
 Heap Initial Capacity: 256M
 Heap Max Capacity: 3G
 Pre-touch: Disabled
 Parallel Workers: 10
 Concurrent Workers: 3
 Concurrent Refinement Workers: 10
 Periodic GC: Disabled
Heap:
 garbage-first heap   total 141312K, used 82679K [0x0000000740000000, 0x0000000800000000)
  region size 2048K, 18 young (36864K), 5 survivors (10240K)
 Metaspace       used 65782K, committed 67840K, reserved 1114112K
  class space    used 9454K, committed 10496K, reserved 1048576K
GC Heap History (20 events):
Event: 2.811 GC heap before
{Heap before GC invocations=4 (full 0):
 garbage-first heap   total 96256K, used 91048K [0x0000000740000000, 0x0000000800000000)
  region size 2048K, 41 young (83968K), 7 survivors (14336K)
 Metaspace       used 30010K, committed 31232K, reserved 1114112K
  class space    used 4571K, committed 5184K, reserved 1048576K
}
Event: 2.817 GC heap after
{Heap after GC invocations=5 (full 0):
 garbage-first heap   total 116736K, used 27618K [0x0000000740000000, 0x0000000800000000)
  region size 2048K, 3 young (6144K), 3 survivors (6144K)
 Metaspace       used 30010K, committed 31232K, reserved 1114112K
  class space    used 4571K, committed 5184K, reserved 1048576K
}
Event: 3.079 GC heap before
{Heap before GC invocations=5 (full 0):
 garbage-first heap   total 116736K, used 48098K [0x0000000740000000, 0x0000000800000000)
  region size 2048K, 14 young (28672K), 3 survivors (6144K)
 Metaspace       used 34801K, committed 35968K, reserved 1114112K
  class space    used 5061K, committed 5632K, reserved 1048576K
}
Event: 3.081 GC heap after
{Heap after GC invocations=6 (full 0):
 garbage-first heap   total 116736K, used 30136K [0x0000000740000000, 0x0000000800000000)
  region size 2048K, 4 young (8192K), 4 survivors (8192K)
 Metaspace       used 34801K, committed 35968K, reserved 1114112K
  class space    used 5061K, committed 5632K, reserved 1048576K
}
Event: 3.101 GC heap before
{Heap before GC invocations=6 (full 0):
 garbage-first heap   total 116736K, used 32184K [0x0000000740000000, 0x0000000800000000)
  region size 2048K, 6 young (12288K), 4 survivors (8192K)
 Metaspace       used 35073K, committed 36288K, reserved 1114112K
  class space    used 5091K, committed 5632K, reserved 1048576K
}
Event: 3.103 GC heap after
{Heap after GC invocations=7 (full 0):
 garbage-first heap   total 116736K, used 31979K [0x0000000740000000, 0x0000000800000000)
  region size 2048K, 3 young (6144K), 3 survivors (6144K)
 Metaspace       used 35073K, committed 36288K, reserved 1114112K
  class space    used 5091K, committed 5632K, reserved 1048576K
}
Event: 3.424 GC heap before
{Heap before GC invocations=8 (full 0):
 garbage-first heap   total 116736K, used 79083K [0x0000000740000000, 0x0000000800000000)
  region size 2048K, 25 young (51200K), 3 survivors (6144K)
 Metaspace       used 37926K, committed 39296K, reserved 1114112K
  class space    used 5372K, committed 6016K, reserved 1048576K
}
Event: 3.427 GC heap after
{Heap after GC invocations=9 (full 0):
 garbage-first heap   total 116736K, used 36219K [0x0000000740000000, 0x0000000800000000)
  region size 2048K, 4 young (8192K), 4 survivors (8192K)
 Metaspace       used 37926K, committed 39296K, reserved 1114112K
  class space    used 5372K, committed 6016K, reserved 1048576K
}
Event: 3.767 GC heap before
{Heap before GC invocations=9 (full 0):
 garbage-first heap   total 116736K, used 83323K [0x0000000740000000, 0x0000000800000000)
  region size 2048K, 27 young (55296K), 4 survivors (8192K)
 Metaspace       used 42438K, committed 43904K, reserved 1114112K
  class space    used 6103K, committed 6848K, reserved 1048576K
}
Event: 3.770 GC heap after
{Heap after GC invocations=10 (full 0):
 garbage-first heap   total 116736K, used 37778K [0x0000000740000000, 0x0000000800000000)
  region size 2048K, 2 young (4096K), 2 survivors (4096K)
 Metaspace       used 42438K, committed 43904K, reserved 1114112K
  class space    used 6103K, committed 6848K, reserved 1048576K
}
Event: 4.205 GC heap before
{Heap before GC invocations=10 (full 0):
 garbage-first heap   total 116736K, used 84882K [0x0000000740000000, 0x0000000800000000)
  region size 2048K, 26 young (53248K), 2 survivors (4096K)
 Metaspace       used 48244K, committed 49920K, reserved 1114112K
  class space    used 6955K, committed 7744K, reserved 1048576K
}
Event: 4.207 GC heap after
{Heap after GC invocations=11 (full 0):
 garbage-first heap   total 116736K, used 41596K [0x0000000740000000, 0x0000000800000000)
  region size 2048K, 4 young (8192K), 4 survivors (8192K)
 Metaspace       used 48244K, committed 49920K, reserved 1114112K
  class space    used 6955K, committed 7744K, reserved 1048576K
}
Event: 4.527 GC heap before
{Heap before GC invocations=11 (full 0):
 garbage-first heap   total 116736K, used 90748K [0x0000000740000000, 0x0000000800000000)
  region size 2048K, 28 young (57344K), 4 survivors (8192K)
 Metaspace       used 50729K, committed 52480K, reserved 1114112K
  class space    used 7313K, committed 8192K, reserved 1048576K
}
Event: 4.531 GC heap after
{Heap after GC invocations=12 (full 0):
 garbage-first heap   total 116736K, used 44873K [0x0000000740000000, 0x0000000800000000)
  region size 2048K, 4 young (8192K), 4 survivors (8192K)
 Metaspace       used 50729K, committed 52480K, reserved 1114112K
  class space    used 7313K, committed 8192K, reserved 1048576K
}
Event: 4.912 GC heap before
{Heap before GC invocations=12 (full 0):
 garbage-first heap   total 116736K, used 94025K [0x0000000740000000, 0x0000000800000000)
  region size 2048K, 28 young (57344K), 4 survivors (8192K)
 Metaspace       used 56694K, committed 58624K, reserved 1114112K
  class space    used 8142K, committed 9088K, reserved 1048576K
}
Event: 4.916 GC heap after
{Heap after GC invocations=13 (full 0):
 garbage-first heap   total 116736K, used 48247K [0x0000000740000000, 0x0000000800000000)
  region size 2048K, 4 young (8192K), 4 survivors (8192K)
 Metaspace       used 56694K, committed 58624K, reserved 1114112K
  class space    used 8142K, committed 9088K, reserved 1048576K
}
Event: 5.116 GC heap before
{Heap before GC invocations=13 (full 0):
 garbage-first heap   total 116736K, used 76919K [0x0000000740000000, 0x0000000800000000)
  region size 2048K, 19 young (38912K), 4 survivors (8192K)
 Metaspace       used 58854K, committed 60736K, reserved 1114112K
  class space    used 8523K, committed 9472K, reserved 1048576K
}
Event: 5.119 GC heap after
{Heap after GC invocations=14 (full 0):
 garbage-first heap   total 141312K, used 50245K [0x0000000740000000, 0x0000000800000000)
  region size 2048K, 3 young (6144K), 3 survivors (6144K)
 Metaspace       used 58854K, committed 60736K, reserved 1114112K
  class space    used 8523K, committed 9472K, reserved 1048576K
}
Event: 5.677 GC heap before
{Heap before GC invocations=15 (full 0):
 garbage-first heap   total 141312K, used 115781K [0x0000000740000000, 0x0000000800000000)
  region size 2048K, 36 young (73728K), 3 survivors (6144K)
 Metaspace       used 61805K, committed 63872K, reserved 1114112K
  class space    used 8898K, committed 9920K, reserved 1048576K
}
Event: 5.682 GC heap after
{Heap after GC invocations=16 (full 0):
 garbage-first heap   total 141312K, used 58103K [0x0000000740000000, 0x0000000800000000)
  region size 2048K, 5 young (10240K), 5 survivors (10240K)
 Metaspace       used 61805K, committed 63872K, reserved 1114112K
  class space    used 8898K, committed 9920K, reserved 1048576K
}

